[debug] [2023-10-30T03:07:27.516Z] ----------------------------------------------------------------------
[debug] [2023-10-30T03:07:27.517Z] Command:       /Users/vinaybv/.nvm/versions/node/v18.18.0/bin/node /Users/vinaybv/.nvm/versions/node/v18.18.0/bin/firebase deploy --only hosting --project sekai-69f4e
[debug] [2023-10-30T03:07:27.517Z] CLI Version:   12.7.0
[debug] [2023-10-30T03:07:27.517Z] Platform:      darwin
[debug] [2023-10-30T03:07:27.517Z] Node Version:  v18.18.0
[debug] [2023-10-30T03:07:27.518Z] Time:          Mon Oct 30 2023 08:37:27 GMT+0530 (India Standard Time)
[debug] [2023-10-30T03:07:27.518Z] ----------------------------------------------------------------------
[debug] 
[debug] [2023-10-30T03:07:27.519Z] >>> [apiv2][query] GET https://firebase-public.firebaseio.com/cli.json [none]
[debug] [2023-10-30T03:07:27.578Z] > command requires scopes: ["email","openid","https://www.googleapis.com/auth/cloudplatformprojects.readonly","https://www.googleapis.com/auth/firebase","https://www.googleapis.com/auth/cloud-platform"]
[debug] [2023-10-30T03:07:27.579Z] > authorizing via signed-in user (vinayvnvv@gmail.com)
[debug] [2023-10-30T03:07:27.579Z] [iam] checking project sekai-69f4e for permissions ["firebase.projects.get","firebasehosting.sites.update"]
[debug] [2023-10-30T03:07:27.579Z] > refreshing access token with scopes: []
[debug] [2023-10-30T03:07:27.580Z] >>> [apiv2][query] POST https://www.googleapis.com/oauth2/v3/token [none]
[debug] [2023-10-30T03:07:27.580Z] >>> [apiv2][body] POST https://www.googleapis.com/oauth2/v3/token [omitted]
[debug] [2023-10-30T03:08:05.891Z] ----------------------------------------------------------------------
[debug] [2023-10-30T03:08:05.893Z] Command:       /Users/vinaybv/.nvm/versions/node/v18.18.0/bin/node /Users/vinaybv/.nvm/versions/node/v18.18.0/bin/firebase deploy --only hosting --project sekai-69f4e
[debug] [2023-10-30T03:08:05.893Z] CLI Version:   12.7.0
[debug] [2023-10-30T03:08:05.893Z] Platform:      darwin
[debug] [2023-10-30T03:08:05.893Z] Node Version:  v18.18.0
[debug] [2023-10-30T03:08:05.894Z] Time:          Mon Oct 30 2023 08:38:05 GMT+0530 (India Standard Time)
[debug] [2023-10-30T03:08:05.894Z] ----------------------------------------------------------------------
[debug] 
[debug] [2023-10-30T03:08:05.896Z] >>> [apiv2][query] GET https://firebase-public.firebaseio.com/cli.json [none]
[debug] [2023-10-30T03:08:05.961Z] > command requires scopes: ["email","openid","https://www.googleapis.com/auth/cloudplatformprojects.readonly","https://www.googleapis.com/auth/firebase","https://www.googleapis.com/auth/cloud-platform"]
[debug] [2023-10-30T03:08:05.961Z] > authorizing via signed-in user (vinayvnvv@gmail.com)
[debug] [2023-10-30T03:08:05.961Z] [iam] checking project sekai-69f4e for permissions ["firebase.projects.get","firebasehosting.sites.update"]
[debug] [2023-10-30T03:08:05.962Z] > refreshing access token with scopes: []
[debug] [2023-10-30T03:08:05.963Z] >>> [apiv2][query] POST https://www.googleapis.com/oauth2/v3/token [none]
[debug] [2023-10-30T03:08:05.963Z] >>> [apiv2][body] POST https://www.googleapis.com/oauth2/v3/token [omitted]
[debug] [2023-10-30T03:09:20.969Z] *** [apiv2] error from fetch(https://www.googleapis.com/oauth2/v3/token, {"headers":{},"method":"POST","body":{"_overheadLength":545,"_valueLength":212,"_valuesToMeasure":[],"writable":false,"readable":true,"dataSize":0,"maxDataSize":2097152,"pauseStreams":true,"_released":true,"_streams":[],"_currentStream":null,"_insideLoop":false,"_pendingNext":false,"_boundary":"--------------------------368319959884316260053135","_events":{},"_eventsCount":1}}): FetchError: request to https://www.googleapis.com/oauth2/v3/token failed, reason: connect ETIMEDOUT 2404:6800:4007:82c::200a:443
[debug] [2023-10-30T03:09:20.970Z] [iam] error while checking permissions, command may fail: FirebaseError: Authentication Error: Your credentials are no longer valid. Please run firebase login --reauth

For CI servers and headless environments, generate a new token with firebase login:ci
[debug] [2023-10-30T03:09:20.971Z] > refreshing access token with scopes: []
[debug] [2023-10-30T03:09:20.971Z] >>> [apiv2][query] POST https://www.googleapis.com/oauth2/v3/token [none]
[debug] [2023-10-30T03:09:20.972Z] >>> [apiv2][body] POST https://www.googleapis.com/oauth2/v3/token [omitted]
[debug] [2023-10-30T03:09:20.974Z] *** [apiv2] error from fetch(https://firebase-public.firebaseio.com/cli.json, {"headers":{},"method":"GET"}): FetchError: request to https://firebase-public.firebaseio.com/cli.json failed, reason: connect ETIMEDOUT 2600:1901:0:4d00:::443
[warn] ⚠  Unable to fetch the CLI MOTD and remote config. 
[debug] [2023-10-30T03:09:20.977Z] Failed to fetch MOTD FirebaseError: Failed to make request to https://firebase-public.firebaseio.com/cli.json
[debug] [2023-10-30T03:09:40.281Z] ----------------------------------------------------------------------
[debug] [2023-10-30T03:09:40.282Z] Command:       /Users/vinaybv/.nvm/versions/node/v18.18.0/bin/node /Users/vinaybv/.nvm/versions/node/v18.18.0/bin/firebase deploy --only hosting --project sekai-69f4e
[debug] [2023-10-30T03:09:40.283Z] CLI Version:   12.7.0
[debug] [2023-10-30T03:09:40.283Z] Platform:      darwin
[debug] [2023-10-30T03:09:40.283Z] Node Version:  v18.18.0
[debug] [2023-10-30T03:09:40.284Z] Time:          Mon Oct 30 2023 08:39:40 GMT+0530 (India Standard Time)
[debug] [2023-10-30T03:09:40.284Z] ----------------------------------------------------------------------
[debug] 
[debug] [2023-10-30T03:09:40.286Z] >>> [apiv2][query] GET https://firebase-public.firebaseio.com/cli.json [none]
[debug] [2023-10-30T03:09:40.343Z] > command requires scopes: ["email","openid","https://www.googleapis.com/auth/cloudplatformprojects.readonly","https://www.googleapis.com/auth/firebase","https://www.googleapis.com/auth/cloud-platform"]
[debug] [2023-10-30T03:09:40.343Z] > authorizing via signed-in user (vinayvnvv@gmail.com)
[debug] [2023-10-30T03:09:40.343Z] [iam] checking project sekai-69f4e for permissions ["firebase.projects.get","firebasehosting.sites.update"]
[debug] [2023-10-30T03:09:40.344Z] > refreshing access token with scopes: []
[debug] [2023-10-30T03:09:40.344Z] >>> [apiv2][query] POST https://www.googleapis.com/oauth2/v3/token [none]
[debug] [2023-10-30T03:09:40.344Z] >>> [apiv2][body] POST https://www.googleapis.com/oauth2/v3/token [omitted]
[debug] [2023-10-30T03:10:36.469Z] ----------------------------------------------------------------------
[debug] [2023-10-30T03:10:36.471Z] Command:       /Users/vinaybv/.nvm/versions/node/v18.18.0/bin/node /Users/vinaybv/.nvm/versions/node/v18.18.0/bin/firebase deploy --only hosting --project sekai-69f4e
[debug] [2023-10-30T03:10:36.471Z] CLI Version:   12.7.0
[debug] [2023-10-30T03:10:36.471Z] Platform:      darwin
[debug] [2023-10-30T03:10:36.471Z] Node Version:  v18.18.0
[debug] [2023-10-30T03:10:36.472Z] Time:          Mon Oct 30 2023 08:40:36 GMT+0530 (India Standard Time)
[debug] [2023-10-30T03:10:36.472Z] ----------------------------------------------------------------------
[debug] 
[debug] [2023-10-30T03:10:36.474Z] >>> [apiv2][query] GET https://firebase-public.firebaseio.com/cli.json [none]
[debug] [2023-10-30T03:10:36.536Z] > command requires scopes: ["email","openid","https://www.googleapis.com/auth/cloudplatformprojects.readonly","https://www.googleapis.com/auth/firebase","https://www.googleapis.com/auth/cloud-platform"]
[debug] [2023-10-30T03:10:36.536Z] > authorizing via signed-in user (vinayvnvv@gmail.com)
[debug] [2023-10-30T03:10:36.536Z] [iam] checking project sekai-69f4e for permissions ["firebase.projects.get","firebasehosting.sites.update"]
[debug] [2023-10-30T03:10:36.537Z] > refreshing access token with scopes: []
[debug] [2023-10-30T03:10:36.537Z] >>> [apiv2][query] POST https://www.googleapis.com/oauth2/v3/token [none]
[debug] [2023-10-30T03:10:36.537Z] >>> [apiv2][body] POST https://www.googleapis.com/oauth2/v3/token [omitted]
[debug] [2023-10-30T03:11:06.796Z] ----------------------------------------------------------------------
[debug] [2023-10-30T03:11:06.797Z] Command:       /Users/vinaybv/.nvm/versions/node/v18.18.0/bin/node /Users/vinaybv/.nvm/versions/node/v18.18.0/bin/firebase login
[debug] [2023-10-30T03:11:06.798Z] CLI Version:   12.7.0
[debug] [2023-10-30T03:11:06.798Z] Platform:      darwin
[debug] [2023-10-30T03:11:06.798Z] Node Version:  v18.18.0
[debug] [2023-10-30T03:11:06.799Z] Time:          Mon Oct 30 2023 08:41:06 GMT+0530 (India Standard Time)
[debug] [2023-10-30T03:11:06.799Z] ----------------------------------------------------------------------
[debug] 
[debug] [2023-10-30T03:11:06.800Z] >>> [apiv2][query] GET https://firebase-public.firebaseio.com/cli.json [none]
[info] Already logged in as vinayvnvv@gmail.com
[debug] [2023-10-30T03:11:12.480Z] ----------------------------------------------------------------------
[debug] [2023-10-30T03:11:12.482Z] Command:       /Users/vinaybv/.nvm/versions/node/v18.18.0/bin/node /Users/vinaybv/.nvm/versions/node/v18.18.0/bin/firebase deploy --only hosting --project sekai-69f4e
[debug] [2023-10-30T03:11:12.482Z] CLI Version:   12.7.0
[debug] [2023-10-30T03:11:12.482Z] Platform:      darwin
[debug] [2023-10-30T03:11:12.482Z] Node Version:  v18.18.0
[debug] [2023-10-30T03:11:12.483Z] Time:          Mon Oct 30 2023 08:41:12 GMT+0530 (India Standard Time)
[debug] [2023-10-30T03:11:12.483Z] ----------------------------------------------------------------------
[debug] 
[debug] [2023-10-30T03:11:12.485Z] >>> [apiv2][query] GET https://firebase-public.firebaseio.com/cli.json [none]
[debug] [2023-10-30T03:11:12.549Z] > command requires scopes: ["email","openid","https://www.googleapis.com/auth/cloudplatformprojects.readonly","https://www.googleapis.com/auth/firebase","https://www.googleapis.com/auth/cloud-platform"]
[debug] [2023-10-30T03:11:12.549Z] > authorizing via signed-in user (vinayvnvv@gmail.com)
[debug] [2023-10-30T03:11:12.549Z] [iam] checking project sekai-69f4e for permissions ["firebase.projects.get","firebasehosting.sites.update"]
[debug] [2023-10-30T03:11:12.549Z] > refreshing access token with scopes: []
[debug] [2023-10-30T03:11:12.550Z] >>> [apiv2][query] POST https://www.googleapis.com/oauth2/v3/token [none]
[debug] [2023-10-30T03:11:12.550Z] >>> [apiv2][body] POST https://www.googleapis.com/oauth2/v3/token [omitted]
